2020-06-15 00:03:05.518 INFO  [main]com.dodannie.blog.BlogApplication.logStarting:50 -Starting BlogApplication on LAPTOP-6I8G3U0P with PID 9716 (C:\Users\93616\gitlocal\blog\target\classes started by 93616 in C:\Users\93616\gitlocal\blog)
2020-06-15 00:03:05.721 INFO  [main]com.dodannie.blog.BlogApplication.logStartupProfileInfo:648 -No active profile set, falling back to default profiles: default
2020-06-15 00:03:09.789 INFO  [main]o.s.d.repository.config.RepositoryConfigurationDelegate.registerRepositoriesIn:127 -Bootstrapping Spring Data MongoDB repositories in DEFAULT mode.
2020-06-15 00:03:10.362 INFO  [main]o.s.d.repository.config.RepositoryConfigurationDelegate.registerRepositoriesIn:185 -Finished Spring Data repository scanning in 554ms. Found 4 MongoDB repository interfaces.
2020-06-15 00:03:13.071 INFO  [main]o.s.boot.web.embedded.tomcat.TomcatWebServer.initialize:90 -Tomcat initialized with port(s): 1000 (http)
2020-06-15 00:03:13.114 INFO  [main]org.apache.coyote.http11.Http11NioProtocol.log:173 -Initializing ProtocolHandler ["http-nio-1000"]
2020-06-15 00:03:13.147 INFO  [main]org.apache.catalina.core.StandardService.log:173 -Starting service [Tomcat]
2020-06-15 00:03:13.149 INFO  [main]org.apache.catalina.core.StandardEngine.log:173 -Starting Servlet engine: [Apache Tomcat/9.0.34]
2020-06-15 00:03:13.747 INFO  [main]o.a.catalina.core.ContainerBase.[Tomcat].[localhost].[/].log:173 -Initializing Spring embedded WebApplicationContext
2020-06-15 00:03:13.748 INFO  [main]org.springframework.web.context.ContextLoader.prepareWebApplicationContext:284 -Root WebApplicationContext: initialization completed in 7756 ms
2020-06-15 00:03:14.151 INFO  [main]c.a.d.s.boot.autoconfigure.DruidDataSourceAutoConfigure.dataSource:56 -Init DruidDataSource
2020-06-15 00:03:16.703 INFO  [main]com.alibaba.druid.pool.DruidDataSource.init:930 -{dataSource-1} inited
2020-06-15 00:03:19.504 INFO  [main]org.mongodb.driver.cluster.info:71 -Cluster created with settings {hosts=[localhost:27017], mode=SINGLE, requiredClusterType=UNKNOWN, serverSelectionTimeout='30000 ms', maxWaitQueueSize=500}
2020-06-15 00:03:19.621 INFO  [cluster-ClusterId{value='5ee64a4714fbf325f4806627', description='null'}-localhost:27017]org.mongodb.driver.connection.info:71 -Opened connection [connectionId{localValue:1, serverValue:1}] to localhost:27017
2020-06-15 00:03:19.631 INFO  [cluster-ClusterId{value='5ee64a4714fbf325f4806627', description='null'}-localhost:27017]org.mongodb.driver.cluster.info:71 -Monitor thread successfully connected to server with description ServerDescription{address=localhost:27017, type=STANDALONE, state=CONNECTED, ok=true, version=ServerVersion{versionList=[3, 4, 11]}, minWireVersion=0, maxWireVersion=5, maxDocumentSize=16777216, logicalSessionTimeoutMinutes=null, roundTripTimeNanos=2974100}
2020-06-15 00:03:26.840 INFO  [main]o.s.scheduling.concurrent.ThreadPoolTaskExecutor.initialize:171 -Initializing ExecutorService 'applicationTaskExecutor'
2020-06-15 00:03:27.480 INFO  [main]org.apache.coyote.http11.Http11NioProtocol.log:173 -Starting ProtocolHandler ["http-nio-1000"]
2020-06-15 00:03:27.527 INFO  [main]o.s.boot.web.embedded.tomcat.TomcatWebServer.start:202 -Tomcat started on port(s): 1000 (http) with context path ''
2020-06-15 00:03:27.532 INFO  [main]com.dodannie.blog.BlogApplication.logStarted:59 -Started BlogApplication in 23.928 seconds (JVM running for 28.283)
2020-06-15 00:03:45.964 INFO  [http-nio-1000-exec-1]o.a.catalina.core.ContainerBase.[Tomcat].[localhost].[/].log:173 -Initializing Spring DispatcherServlet 'dispatcherServlet'
2020-06-15 00:03:45.965 INFO  [http-nio-1000-exec-1]org.springframework.web.servlet.DispatcherServlet.initServletBean:525 -Initializing Servlet 'dispatcherServlet'
2020-06-15 00:03:46.011 INFO  [http-nio-1000-exec-1]org.springframework.web.servlet.DispatcherServlet.initServletBean:547 -Completed initialization in 44 ms
2020-06-15 00:04:58.556 INFO  [main]com.dodannie.blog.BlogApplication.logStarting:50 -Starting BlogApplication on LAPTOP-6I8G3U0P with PID 16264 (C:\Users\93616\gitlocal\blog\target\classes started by 93616 in C:\Users\93616\gitlocal\blog)
2020-06-15 00:04:58.581 INFO  [main]com.dodannie.blog.BlogApplication.logStartupProfileInfo:648 -No active profile set, falling back to default profiles: default
2020-06-15 00:05:01.460 INFO  [main]o.s.d.repository.config.RepositoryConfigurationDelegate.registerRepositoriesIn:127 -Bootstrapping Spring Data MongoDB repositories in DEFAULT mode.
2020-06-15 00:05:01.791 INFO  [main]o.s.d.repository.config.RepositoryConfigurationDelegate.registerRepositoriesIn:185 -Finished Spring Data repository scanning in 319ms. Found 4 MongoDB repository interfaces.
2020-06-15 00:05:03.590 INFO  [main]o.s.boot.web.embedded.tomcat.TomcatWebServer.initialize:90 -Tomcat initialized with port(s): 1000 (http)
2020-06-15 00:05:03.621 INFO  [main]org.apache.coyote.http11.Http11NioProtocol.log:173 -Initializing ProtocolHandler ["http-nio-1000"]
2020-06-15 00:05:03.640 INFO  [main]org.apache.catalina.core.StandardService.log:173 -Starting service [Tomcat]
2020-06-15 00:05:03.642 INFO  [main]org.apache.catalina.core.StandardEngine.log:173 -Starting Servlet engine: [Apache Tomcat/9.0.34]
2020-06-15 00:05:04.075 INFO  [main]o.a.catalina.core.ContainerBase.[Tomcat].[localhost].[/].log:173 -Initializing Spring embedded WebApplicationContext
2020-06-15 00:05:04.077 INFO  [main]org.springframework.web.context.ContextLoader.prepareWebApplicationContext:284 -Root WebApplicationContext: initialization completed in 5360 ms
2020-06-15 00:05:04.446 INFO  [main]c.a.d.s.boot.autoconfigure.DruidDataSourceAutoConfigure.dataSource:56 -Init DruidDataSource
2020-06-15 00:05:06.823 INFO  [main]com.alibaba.druid.pool.DruidDataSource.init:930 -{dataSource-1} inited
2020-06-15 00:05:09.494 INFO  [main]org.mongodb.driver.cluster.info:71 -Cluster created with settings {hosts=[localhost:27017], mode=SINGLE, requiredClusterType=UNKNOWN, serverSelectionTimeout='30000 ms', maxWaitQueueSize=500}
2020-06-15 00:05:09.651 INFO  [cluster-ClusterId{value='5ee64ab514fbf33f8837dd3b', description='null'}-localhost:27017]org.mongodb.driver.connection.info:71 -Opened connection [connectionId{localValue:1, serverValue:2}] to localhost:27017
2020-06-15 00:05:09.664 INFO  [cluster-ClusterId{value='5ee64ab514fbf33f8837dd3b', description='null'}-localhost:27017]org.mongodb.driver.cluster.info:71 -Monitor thread successfully connected to server with description ServerDescription{address=localhost:27017, type=STANDALONE, state=CONNECTED, ok=true, version=ServerVersion{versionList=[3, 4, 11]}, minWireVersion=0, maxWireVersion=5, maxDocumentSize=16777216, logicalSessionTimeoutMinutes=null, roundTripTimeNanos=2960100}
2020-06-15 00:05:13.623 INFO  [main]o.s.scheduling.concurrent.ThreadPoolTaskExecutor.initialize:171 -Initializing ExecutorService 'applicationTaskExecutor'
2020-06-15 00:05:14.446 INFO  [main]org.apache.coyote.http11.Http11NioProtocol.log:173 -Starting ProtocolHandler ["http-nio-1000"]
2020-06-15 00:05:14.511 INFO  [main]o.s.boot.web.embedded.tomcat.TomcatWebServer.start:202 -Tomcat started on port(s): 1000 (http) with context path ''
2020-06-15 00:05:14.519 INFO  [main]com.dodannie.blog.BlogApplication.logStarted:59 -Started BlogApplication in 18.268 seconds (JVM running for 23.053)
2020-06-15 00:05:21.478 INFO  [http-nio-1000-exec-1]o.a.catalina.core.ContainerBase.[Tomcat].[localhost].[/].log:173 -Initializing Spring DispatcherServlet 'dispatcherServlet'
2020-06-15 00:05:21.480 INFO  [http-nio-1000-exec-1]org.springframework.web.servlet.DispatcherServlet.initServletBean:525 -Initializing Servlet 'dispatcherServlet'
2020-06-15 00:05:21.518 INFO  [http-nio-1000-exec-1]org.springframework.web.servlet.DispatcherServlet.initServletBean:547 -Completed initialization in 36 ms
2020-06-15 00:05:21.603 INFO  [http-nio-1000-exec-1]com.dodannie.blog.aspect.RequestAspect.printRequestLog:105 -请求地址 : /test/testException/1
2020-06-15 00:05:21.604 INFO  [http-nio-1000-exec-1]com.dodannie.blog.aspect.RequestAspect.printRequestLog:106 -请求方式 : GET
2020-06-15 00:05:21.607 INFO  [http-nio-1000-exec-1]com.dodannie.blog.aspect.RequestAspect.printRequestLog:109 -IP : 0:0:0:0:0:0:0:1
2020-06-15 00:05:21.612 INFO  [http-nio-1000-exec-1]com.dodannie.blog.aspect.RequestAspect.printRequestLog:111 -方法 : com.dodannie.blog.controller.TestController.testException
2020-06-15 00:05:21.613 INFO  [http-nio-1000-exec-1]com.dodannie.blog.aspect.RequestAspect.printRequestLog:113 -请求参数：[1]
2020-06-15 00:05:21.624 INFO  [http-nio-1000-exec-1]com.dodannie.blog.aspect.RequestAspect.doAround:60 -耗时 : 22
2020-06-15 00:05:21.802 INFO  [http-nio-1000-exec-1]com.dodannie.blog.aspect.RequestAspect.doAfterReturning:74 -返回值：{"code":20000,"msg":"操作成功"}
2020-06-15 00:05:24.189 INFO  [http-nio-1000-exec-2]com.dodannie.blog.aspect.RequestAspect.printRequestLog:105 -请求地址 : /test/testException/1
2020-06-15 00:05:24.192 INFO  [http-nio-1000-exec-2]com.dodannie.blog.aspect.RequestAspect.printRequestLog:106 -请求方式 : GET
2020-06-15 00:05:24.194 INFO  [http-nio-1000-exec-2]com.dodannie.blog.aspect.RequestAspect.printRequestLog:109 -IP : 0:0:0:0:0:0:0:1
2020-06-15 00:05:24.201 INFO  [http-nio-1000-exec-2]com.dodannie.blog.aspect.RequestAspect.printRequestLog:111 -方法 : com.dodannie.blog.controller.TestController.testException
2020-06-15 00:05:24.207 INFO  [http-nio-1000-exec-2]com.dodannie.blog.aspect.RequestAspect.printRequestLog:113 -请求参数：[1]
2020-06-15 00:05:24.210 INFO  [http-nio-1000-exec-2]com.dodannie.blog.aspect.RequestAspect.doAround:60 -耗时 : 21
2020-06-15 00:05:24.211 INFO  [http-nio-1000-exec-2]com.dodannie.blog.aspect.RequestAspect.doAfterReturning:74 -返回值：{"code":20000,"msg":"操作成功"}
2020-06-15 00:05:26.192 INFO  [http-nio-1000-exec-4]com.dodannie.blog.aspect.RequestAspect.printRequestLog:105 -请求地址 : /test/testException/2
2020-06-15 00:05:26.194 INFO  [http-nio-1000-exec-4]com.dodannie.blog.aspect.RequestAspect.printRequestLog:106 -请求方式 : GET
2020-06-15 00:05:26.196 INFO  [http-nio-1000-exec-4]com.dodannie.blog.aspect.RequestAspect.printRequestLog:109 -IP : 0:0:0:0:0:0:0:1
2020-06-15 00:05:26.197 INFO  [http-nio-1000-exec-4]com.dodannie.blog.aspect.RequestAspect.printRequestLog:111 -方法 : com.dodannie.blog.controller.TestController.testException
2020-06-15 00:05:26.200 INFO  [http-nio-1000-exec-4]com.dodannie.blog.aspect.RequestAspect.printRequestLog:113 -请求参数：[2]
2020-06-15 00:05:37.642 INFO  [http-nio-1000-exec-6]com.dodannie.blog.aspect.RequestAspect.printRequestLog:105 -请求地址 : /test/testException/1
2020-06-15 00:05:37.644 INFO  [http-nio-1000-exec-6]com.dodannie.blog.aspect.RequestAspect.printRequestLog:106 -请求方式 : GET
2020-06-15 00:05:37.645 INFO  [http-nio-1000-exec-6]com.dodannie.blog.aspect.RequestAspect.printRequestLog:109 -IP : 0:0:0:0:0:0:0:1
2020-06-15 00:05:37.648 INFO  [http-nio-1000-exec-6]com.dodannie.blog.aspect.RequestAspect.printRequestLog:111 -方法 : com.dodannie.blog.controller.TestController.testException
2020-06-15 00:05:37.651 INFO  [http-nio-1000-exec-6]com.dodannie.blog.aspect.RequestAspect.printRequestLog:113 -请求参数：[1]
2020-06-15 00:05:37.653 INFO  [http-nio-1000-exec-6]com.dodannie.blog.aspect.RequestAspect.doAround:60 -耗时 : 12
2020-06-15 00:05:37.655 INFO  [http-nio-1000-exec-6]com.dodannie.blog.aspect.RequestAspect.doAfterReturning:74 -返回值：{"code":20000,"msg":"操作成功"}
2020-06-15 00:05:38.913 INFO  [http-nio-1000-exec-7]com.dodannie.blog.aspect.RequestAspect.printRequestLog:105 -请求地址 : /test/testException/1
2020-06-15 00:05:38.916 INFO  [http-nio-1000-exec-7]com.dodannie.blog.aspect.RequestAspect.printRequestLog:106 -请求方式 : GET
2020-06-15 00:05:38.922 INFO  [http-nio-1000-exec-7]com.dodannie.blog.aspect.RequestAspect.printRequestLog:109 -IP : 0:0:0:0:0:0:0:1
2020-06-15 00:05:38.924 INFO  [http-nio-1000-exec-7]com.dodannie.blog.aspect.RequestAspect.printRequestLog:111 -方法 : com.dodannie.blog.controller.TestController.testException
2020-06-15 00:05:38.927 INFO  [http-nio-1000-exec-7]com.dodannie.blog.aspect.RequestAspect.printRequestLog:113 -请求参数：[1]
2020-06-15 00:05:38.928 INFO  [http-nio-1000-exec-7]com.dodannie.blog.aspect.RequestAspect.doAround:60 -耗时 : 15
2020-06-15 00:05:38.930 INFO  [http-nio-1000-exec-7]com.dodannie.blog.aspect.RequestAspect.doAfterReturning:74 -返回值：{"code":20000,"msg":"操作成功"}
2020-06-15 01:03:01.008 INFO  [main]com.dodannie.blog.BlogApplication.logStarting:50 -Starting BlogApplication on LAPTOP-6I8G3U0P with PID 13108 (C:\Users\93616\gitlocal\blog\target\classes started by 93616 in C:\Users\93616\gitlocal\blog)
2020-06-15 01:03:01.017 INFO  [main]com.dodannie.blog.BlogApplication.logStartupProfileInfo:648 -No active profile set, falling back to default profiles: default
2020-06-15 01:03:06.302 INFO  [main]o.s.d.repository.config.RepositoryConfigurationDelegate.registerRepositoriesIn:127 -Bootstrapping Spring Data MongoDB repositories in DEFAULT mode.
2020-06-15 01:03:07.023 INFO  [main]o.s.d.repository.config.RepositoryConfigurationDelegate.registerRepositoriesIn:185 -Finished Spring Data repository scanning in 702ms. Found 4 MongoDB repository interfaces.
2020-06-15 01:03:08.406 INFO  [main]o.s.c.s.PostProcessorRegistrationDelegate$BeanPostProcessorChecker.postProcessAfterInitialization:330 -Bean 'shiroConfig' of type [com.dodannie.blog.config.ShiroConfig$$EnhancerBySpringCGLIB$$2f7a955a] is not eligible for getting processed by all BeanPostProcessors (for example: not eligible for auto-proxying)
2020-06-15 01:03:08.778 INFO  [main]o.s.c.s.PostProcessorRegistrationDelegate$BeanPostProcessorChecker.postProcessAfterInitialization:330 -Bean 'mybatis-org.mybatis.spring.boot.autoconfigure.MybatisProperties' of type [org.mybatis.spring.boot.autoconfigure.MybatisProperties] is not eligible for getting processed by all BeanPostProcessors (for example: not eligible for auto-proxying)
2020-06-15 01:03:08.837 INFO  [main]o.s.c.s.PostProcessorRegistrationDelegate$BeanPostProcessorChecker.postProcessAfterInitialization:330 -Bean 'org.mybatis.spring.boot.autoconfigure.MybatisAutoConfiguration' of type [org.mybatis.spring.boot.autoconfigure.MybatisAutoConfiguration$$EnhancerBySpringCGLIB$$42e360cf] is not eligible for getting processed by all BeanPostProcessors (for example: not eligible for auto-proxying)
2020-06-15 01:03:08.856 INFO  [main]o.s.c.s.PostProcessorRegistrationDelegate$BeanPostProcessorChecker.postProcessAfterInitialization:330 -Bean 'com.alibaba.druid.spring.boot.autoconfigure.DruidDataSourceAutoConfigure' of type [com.alibaba.druid.spring.boot.autoconfigure.DruidDataSourceAutoConfigure$$EnhancerBySpringCGLIB$$29bb0511] is not eligible for getting processed by all BeanPostProcessors (for example: not eligible for auto-proxying)
2020-06-15 01:03:08.868 INFO  [main]c.a.d.s.boot.autoconfigure.DruidDataSourceAutoConfigure.dataSource:56 -Init DruidDataSource
2020-06-15 01:03:09.225 INFO  [main]o.s.c.s.PostProcessorRegistrationDelegate$BeanPostProcessorChecker.postProcessAfterInitialization:330 -Bean 'spring.datasource-org.springframework.boot.autoconfigure.jdbc.DataSourceProperties' of type [org.springframework.boot.autoconfigure.jdbc.DataSourceProperties] is not eligible for getting processed by all BeanPostProcessors (for example: not eligible for auto-proxying)
2020-06-15 01:03:09.275 INFO  [main]o.s.c.s.PostProcessorRegistrationDelegate$BeanPostProcessorChecker.postProcessAfterInitialization:330 -Bean 'com.alibaba.druid.spring.boot.autoconfigure.stat.DruidFilterConfiguration' of type [com.alibaba.druid.spring.boot.autoconfigure.stat.DruidFilterConfiguration] is not eligible for getting processed by all BeanPostProcessors (for example: not eligible for auto-proxying)
2020-06-15 01:03:09.395 INFO  [main]o.s.c.s.PostProcessorRegistrationDelegate$BeanPostProcessorChecker.postProcessAfterInitialization:330 -Bean 'statFilter' of type [com.alibaba.druid.filter.stat.StatFilter] is not eligible for getting processed by all BeanPostProcessors (for example: not eligible for auto-proxying)
2020-06-15 01:03:12.543 INFO  [main]com.alibaba.druid.pool.DruidDataSource.init:930 -{dataSource-1} inited
2020-06-15 01:03:12.545 INFO  [main]o.s.c.s.PostProcessorRegistrationDelegate$BeanPostProcessorChecker.postProcessAfterInitialization:330 -Bean 'dataSource' of type [com.alibaba.druid.spring.boot.autoconfigure.DruidDataSourceWrapper] is not eligible for getting processed by all BeanPostProcessors (for example: not eligible for auto-proxying)
2020-06-15 01:03:12.861 INFO  [main]o.s.c.s.PostProcessorRegistrationDelegate$BeanPostProcessorChecker.postProcessAfterInitialization:330 -Bean 'org.springframework.boot.autoconfigure.jdbc.DataSourceInitializerInvoker' of type [org.springframework.boot.autoconfigure.jdbc.DataSourceInitializerInvoker] is not eligible for getting processed by all BeanPostProcessors (for example: not eligible for auto-proxying)
2020-06-15 01:03:13.944 INFO  [main]o.s.c.s.PostProcessorRegistrationDelegate$BeanPostProcessorChecker.postProcessAfterInitialization:330 -Bean 'sqlSessionFactory' of type [org.apache.ibatis.session.defaults.DefaultSqlSessionFactory] is not eligible for getting processed by all BeanPostProcessors (for example: not eligible for auto-proxying)
2020-06-15 01:03:13.967 INFO  [main]o.s.c.s.PostProcessorRegistrationDelegate$BeanPostProcessorChecker.postProcessAfterInitialization:330 -Bean 'sqlSessionTemplate' of type [org.mybatis.spring.SqlSessionTemplate] is not eligible for getting processed by all BeanPostProcessors (for example: not eligible for auto-proxying)
2020-06-15 01:03:14.015 INFO  [main]o.s.c.s.PostProcessorRegistrationDelegate$BeanPostProcessorChecker.postProcessAfterInitialization:330 -Bean 'adminMapper' of type [org.mybatis.spring.mapper.MapperFactoryBean] is not eligible for getting processed by all BeanPostProcessors (for example: not eligible for auto-proxying)
2020-06-15 01:03:14.033 INFO  [main]o.s.c.s.PostProcessorRegistrationDelegate$BeanPostProcessorChecker.postProcessAfterInitialization:330 -Bean 'adminMapper' of type [com.sun.proxy.$Proxy82] is not eligible for getting processed by all BeanPostProcessors (for example: not eligible for auto-proxying)
2020-06-15 01:03:14.044 INFO  [main]o.s.c.s.PostProcessorRegistrationDelegate$BeanPostProcessorChecker.postProcessAfterInitialization:330 -Bean 'adminServiceImpl' of type [com.dodannie.blog.service.impl.AdminServiceImpl] is not eligible for getting processed by all BeanPostProcessors (for example: not eligible for auto-proxying)
2020-06-15 01:03:14.061 INFO  [main]o.s.c.s.PostProcessorRegistrationDelegate$BeanPostProcessorChecker.postProcessAfterInitialization:330 -Bean 'userMapper' of type [org.mybatis.spring.mapper.MapperFactoryBean] is not eligible for getting processed by all BeanPostProcessors (for example: not eligible for auto-proxying)
2020-06-15 01:03:14.067 INFO  [main]o.s.c.s.PostProcessorRegistrationDelegate$BeanPostProcessorChecker.postProcessAfterInitialization:330 -Bean 'userMapper' of type [com.sun.proxy.$Proxy83] is not eligible for getting processed by all BeanPostProcessors (for example: not eligible for auto-proxying)
2020-06-15 01:03:14.117 INFO  [main]o.s.c.s.PostProcessorRegistrationDelegate$BeanPostProcessorChecker.postProcessAfterInitialization:330 -Bean '(inner bean)#3a3883c4' of type [org.springframework.beans.factory.config.PropertiesFactoryBean] is not eligible for getting processed by all BeanPostProcessors (for example: not eligible for auto-proxying)
2020-06-15 01:03:14.141 INFO  [main]o.s.c.s.PostProcessorRegistrationDelegate$BeanPostProcessorChecker.postProcessAfterInitialization:330 -Bean '(inner bean)#3a3883c4' of type [java.util.Properties] is not eligible for getting processed by all BeanPostProcessors (for example: not eligible for auto-proxying)
2020-06-15 01:03:14.313 INFO  [main]o.s.c.s.PostProcessorRegistrationDelegate$BeanPostProcessorChecker.postProcessAfterInitialization:330 -Bean '(inner bean)#70f148dc' of type [org.springframework.data.repository.core.support.PropertiesBasedNamedQueries] is not eligible for getting processed by all BeanPostProcessors (for example: not eligible for auto-proxying)
2020-06-15 01:03:14.322 INFO  [main]o.s.c.s.PostProcessorRegistrationDelegate$BeanPostProcessorChecker.postProcessAfterInitialization:330 -Bean '(inner bean)#6568f998' of type [org.springframework.data.repository.core.support.RepositoryFragmentsFactoryBean] is not eligible for getting processed by all BeanPostProcessors (for example: not eligible for auto-proxying)
2020-06-15 01:03:14.339 INFO  [main]o.s.c.s.PostProcessorRegistrationDelegate$BeanPostProcessorChecker.postProcessAfterInitialization:330 -Bean '(inner bean)#6568f998' of type [org.springframework.data.repository.core.support.RepositoryComposition$RepositoryFragments] is not eligible for getting processed by all BeanPostProcessors (for example: not eligible for auto-proxying)
2020-06-15 01:03:14.395 INFO  [main]o.s.c.s.PostProcessorRegistrationDelegate$BeanPostProcessorChecker.postProcessAfterInitialization:330 -Bean 'spring.data.mongodb-org.springframework.boot.autoconfigure.mongo.MongoProperties' of type [org.springframework.boot.autoconfigure.mongo.MongoProperties] is not eligible for getting processed by all BeanPostProcessors (for example: not eligible for auto-proxying)
2020-06-15 01:03:14.399 INFO  [main]o.s.c.s.PostProcessorRegistrationDelegate$BeanPostProcessorChecker.postProcessAfterInitialization:330 -Bean 'org.springframework.boot.autoconfigure.data.mongo.MongoDbFactoryDependentConfiguration' of type [org.springframework.boot.autoconfigure.data.mongo.MongoDbFactoryDependentConfiguration$$EnhancerBySpringCGLIB$$54ba4225] is not eligible for getting processed by all BeanPostProcessors (for example: not eligible for auto-proxying)
2020-06-15 01:03:14.413 INFO  [main]o.s.c.s.PostProcessorRegistrationDelegate$BeanPostProcessorChecker.postProcessAfterInitialization:330 -Bean 'org.springframework.boot.autoconfigure.data.mongo.MongoDbFactoryConfiguration' of type [org.springframework.boot.autoconfigure.data.mongo.MongoDbFactoryConfiguration$$EnhancerBySpringCGLIB$$d719fa70] is not eligible for getting processed by all BeanPostProcessors (for example: not eligible for auto-proxying)
2020-06-15 01:03:14.446 INFO  [main]o.s.c.s.PostProcessorRegistrationDelegate$BeanPostProcessorChecker.postProcessAfterInitialization:330 -Bean 'org.springframework.boot.autoconfigure.mongo.MongoAutoConfiguration' of type [org.springframework.boot.autoconfigure.mongo.MongoAutoConfiguration$$EnhancerBySpringCGLIB$$67bc30fd] is not eligible for getting processed by all BeanPostProcessors (for example: not eligible for auto-proxying)
2020-06-15 01:03:15.949 INFO  [main]org.mongodb.driver.cluster.info:71 -Cluster created with settings {hosts=[localhost:27017], mode=SINGLE, requiredClusterType=UNKNOWN, serverSelectionTimeout='30000 ms', maxWaitQueueSize=500}
2020-06-15 01:03:16.038 INFO  [main]o.s.c.s.PostProcessorRegistrationDelegate$BeanPostProcessorChecker.postProcessAfterInitialization:330 -Bean 'mongo' of type [com.mongodb.MongoClient] is not eligible for getting processed by all BeanPostProcessors (for example: not eligible for auto-proxying)
2020-06-15 01:03:16.064 INFO  [cluster-ClusterId{value='5ee6585314fbf33334a476f5', description='null'}-localhost:27017]org.mongodb.driver.connection.info:71 -Opened connection [connectionId{localValue:1, serverValue:3}] to localhost:27017
2020-06-15 01:03:16.075 INFO  [cluster-ClusterId{value='5ee6585314fbf33334a476f5', description='null'}-localhost:27017]org.mongodb.driver.cluster.info:71 -Monitor thread successfully connected to server with description ServerDescription{address=localhost:27017, type=STANDALONE, state=CONNECTED, ok=true, version=ServerVersion{versionList=[3, 4, 11]}, minWireVersion=0, maxWireVersion=5, maxDocumentSize=16777216, logicalSessionTimeoutMinutes=null, roundTripTimeNanos=4063800}
2020-06-15 01:03:16.078 INFO  [main]o.s.c.s.PostProcessorRegistrationDelegate$BeanPostProcessorChecker.postProcessAfterInitialization:330 -Bean 'mongoDbFactory' of type [org.springframework.data.mongodb.core.SimpleMongoDbFactory] is not eligible for getting processed by all BeanPostProcessors (for example: not eligible for auto-proxying)
2020-06-15 01:03:16.099 INFO  [main]o.s.c.s.PostProcessorRegistrationDelegate$BeanPostProcessorChecker.postProcessAfterInitialization:330 -Bean 'org.springframework.boot.autoconfigure.data.mongo.MongoDataConfiguration' of type [org.springframework.boot.autoconfigure.data.mongo.MongoDataConfiguration$$EnhancerBySpringCGLIB$$57b0222e] is not eligible for getting processed by all BeanPostProcessors (for example: not eligible for auto-proxying)
2020-06-15 01:03:16.299 INFO  [main]o.s.c.s.PostProcessorRegistrationDelegate$BeanPostProcessorChecker.postProcessAfterInitialization:330 -Bean 'mongoCustomConversions' of type [org.springframework.data.mongodb.core.convert.MongoCustomConversions] is not eligible for getting processed by all BeanPostProcessors (for example: not eligible for auto-proxying)
2020-06-15 01:03:16.411 INFO  [main]o.s.c.s.PostProcessorRegistrationDelegate$BeanPostProcessorChecker.postProcessAfterInitialization:330 -Bean 'mongoMappingContext' of type [org.springframework.data.mongodb.core.mapping.MongoMappingContext] is not eligible for getting processed by all BeanPostProcessors (for example: not eligible for auto-proxying)
2020-06-15 01:03:16.489 INFO  [main]o.s.c.s.PostProcessorRegistrationDelegate$BeanPostProcessorChecker.postProcessAfterInitialization:330 -Bean 'mappingMongoConverter' of type [org.springframework.data.mongodb.core.convert.MappingMongoConverter] is not eligible for getting processed by all BeanPostProcessors (for example: not eligible for auto-proxying)
2020-06-15 01:03:16.648 INFO  [main]o.s.c.s.PostProcessorRegistrationDelegate$BeanPostProcessorChecker.postProcessAfterInitialization:330 -Bean 'mongoTemplate' of type [org.springframework.data.mongodb.core.MongoTemplate] is not eligible for getting processed by all BeanPostProcessors (for example: not eligible for auto-proxying)
2020-06-15 01:03:17.147 INFO  [main]o.s.c.s.PostProcessorRegistrationDelegate$BeanPostProcessorChecker.postProcessAfterInitialization:330 -Bean 'commentDao' of type [org.springframework.data.mongodb.repository.support.MongoRepositoryFactoryBean] is not eligible for getting processed by all BeanPostProcessors (for example: not eligible for auto-proxying)
2020-06-15 01:03:17.166 INFO  [main]o.s.c.s.PostProcessorRegistrationDelegate$BeanPostProcessorChecker.postProcessAfterInitialization:330 -Bean 'commentDao' of type [com.sun.proxy.$Proxy97] is not eligible for getting processed by all BeanPostProcessors (for example: not eligible for auto-proxying)
2020-06-15 01:03:17.214 INFO  [main]o.s.c.s.PostProcessorRegistrationDelegate$BeanPostProcessorChecker.postProcessAfterInitialization:330 -Bean '(inner bean)#503a7990' of type [org.springframework.beans.factory.config.PropertiesFactoryBean] is not eligible for getting processed by all BeanPostProcessors (for example: not eligible for auto-proxying)
2020-06-15 01:03:17.216 INFO  [main]o.s.c.s.PostProcessorRegistrationDelegate$BeanPostProcessorChecker.postProcessAfterInitialization:330 -Bean '(inner bean)#503a7990' of type [java.util.Properties] is not eligible for getting processed by all BeanPostProcessors (for example: not eligible for auto-proxying)
2020-06-15 01:03:17.228 INFO  [main]o.s.c.s.PostProcessorRegistrationDelegate$BeanPostProcessorChecker.postProcessAfterInitialization:330 -Bean '(inner bean)#2e4ecdf8' of type [org.springframework.data.repository.core.support.PropertiesBasedNamedQueries] is not eligible for getting processed by all BeanPostProcessors (for example: not eligible for auto-proxying)
2020-06-15 01:03:17.230 INFO  [main]o.s.c.s.PostProcessorRegistrationDelegate$BeanPostProcessorChecker.postProcessAfterInitialization:330 -Bean '(inner bean)#6dcbbb49' of type [org.springframework.data.repository.core.support.RepositoryFragmentsFactoryBean] is not eligible for getting processed by all BeanPostProcessors (for example: not eligible for auto-proxying)
2020-06-15 01:03:17.232 INFO  [main]o.s.c.s.PostProcessorRegistrationDelegate$BeanPostProcessorChecker.postProcessAfterInitialization:330 -Bean '(inner bean)#6dcbbb49' of type [org.springframework.data.repository.core.support.RepositoryComposition$RepositoryFragments] is not eligible for getting processed by all BeanPostProcessors (for example: not eligible for auto-proxying)
2020-06-15 01:03:17.253 INFO  [main]o.s.c.s.PostProcessorRegistrationDelegate$BeanPostProcessorChecker.postProcessAfterInitialization:330 -Bean 'collectionDao' of type [org.springframework.data.mongodb.repository.support.MongoRepositoryFactoryBean] is not eligible for getting processed by all BeanPostProcessors (for example: not eligible for auto-proxying)
2020-06-15 01:03:17.257 INFO  [main]o.s.c.s.PostProcessorRegistrationDelegate$BeanPostProcessorChecker.postProcessAfterInitialization:330 -Bean 'collectionDao' of type [com.sun.proxy.$Proxy99] is not eligible for getting processed by all BeanPostProcessors (for example: not eligible for auto-proxying)
2020-06-15 01:03:17.292 INFO  [main]o.s.c.s.PostProcessorRegistrationDelegate$BeanPostProcessorChecker.postProcessAfterInitialization:330 -Bean 'userServiceImpl' of type [com.dodannie.blog.service.impl.UserServiceImpl] is not eligible for getting processed by all BeanPostProcessors (for example: not eligible for auto-proxying)
2020-06-15 01:03:17.298 INFO  [main]o.s.c.s.PostProcessorRegistrationDelegate$BeanPostProcessorChecker.postProcessAfterInitialization:330 -Bean 'adminRealm' of type [com.dodannie.blog.realm.AdminRealm] is not eligible for getting processed by all BeanPostProcessors (for example: not eligible for auto-proxying)
2020-06-15 01:03:17.366 INFO  [main]o.s.c.s.PostProcessorRegistrationDelegate$BeanPostProcessorChecker.postProcessAfterInitialization:330 -Bean 'securityManager' of type [org.apache.shiro.web.mgt.DefaultWebSecurityManager] is not eligible for getting processed by all BeanPostProcessors (for example: not eligible for auto-proxying)
2020-06-15 01:03:17.434 INFO  [main]o.s.c.s.PostProcessorRegistrationDelegate$BeanPostProcessorChecker.postProcessAfterInitialization:330 -Bean 'authorizationAttributeSourceAdvisor' of type [org.apache.shiro.spring.security.interceptor.AuthorizationAttributeSourceAdvisor] is not eligible for getting processed by all BeanPostProcessors (for example: not eligible for auto-proxying)
2020-06-15 01:03:18.099 INFO  [main]o.s.boot.web.embedded.tomcat.TomcatWebServer.initialize:90 -Tomcat initialized with port(s): 1000 (http)
2020-06-15 01:03:18.132 INFO  [main]org.apache.coyote.http11.Http11NioProtocol.log:173 -Initializing ProtocolHandler ["http-nio-1000"]
2020-06-15 01:03:18.151 INFO  [main]org.apache.catalina.core.StandardService.log:173 -Starting service [Tomcat]
2020-06-15 01:03:18.152 INFO  [main]org.apache.catalina.core.StandardEngine.log:173 -Starting Servlet engine: [Apache Tomcat/9.0.34]
2020-06-15 01:03:18.461 INFO  [main]o.a.catalina.core.ContainerBase.[Tomcat].[localhost].[/].log:173 -Initializing Spring embedded WebApplicationContext
2020-06-15 01:03:18.463 INFO  [main]org.springframework.web.context.ContextLoader.prepareWebApplicationContext:284 -Root WebApplicationContext: initialization completed in 17201 ms
2020-06-15 01:03:21.754 INFO  [main]org.apache.coyote.http11.Http11NioProtocol.log:173 -Starting ProtocolHandler ["http-nio-1000"]
2020-06-15 01:03:21.808 INFO  [main]o.s.boot.web.embedded.tomcat.TomcatWebServer.start:202 -Tomcat started on port(s): 1000 (http) with context path ''
2020-06-15 01:03:21.819 INFO  [main]com.dodannie.blog.BlogApplication.logStarted:59 -Started BlogApplication in 23.303 seconds (JVM running for 29.707)
2020-06-15 01:03:28.162 INFO  [http-nio-1000-exec-1]o.a.catalina.core.ContainerBase.[Tomcat].[localhost].[/].log:173 -Initializing Spring DispatcherServlet 'dispatcherServlet'
2020-06-15 01:03:28.164 INFO  [http-nio-1000-exec-1]org.springframework.web.servlet.DispatcherServlet.initServletBean:525 -Initializing Servlet 'dispatcherServlet'
2020-06-15 01:03:28.207 INFO  [http-nio-1000-exec-1]org.springframework.web.servlet.DispatcherServlet.initServletBean:547 -Completed initialization in 42 ms
